<?xml version="1.0" encoding="UTF-8"?>
<testsuite name="com.efthemiosprime.pasabayan.core.network.AuthInterceptorTest" tests="3" skipped="0" failures="0" errors="0" timestamp="2026-03-27T21:32:08" hostname="efthemios-bong-suyat-MacBook-Pro.local" time="0.0">
  <properties/>
  <testcase name="bearerSkipped_forAuthExceptMe" classname="com.efthemiosprime.pasabayan.core.network.AuthInterceptorTest" time="0.0"/>
  <testcase name="bearerAttached_forNonAuthPaths" classname="com.efthemiosprime.pasabayan.core.network.AuthInterceptorTest" time="0.0"/>
  <testcase name="bearerAttached_forAuthMe" classname="com.efthemiosprime.pasabayan.core.network.AuthInterceptorTest" time="0.0"/>
  <system-out><![CDATA[]]></system-out>
  <system-err><![CDATA[]]></system-err>
</testsuite>
