<?xml version="1.0" encoding="UTF-8"?>
<testsuite name="com.efthemiosprime.pasabayan.core.designsystem.PasabayanTokensTest" tests="4" skipped="0" failures="0" errors="0" timestamp="2026-03-28T00:27:20" hostname="efthemios-bong-suyat-MacBook-Pro.local" time="0.003">
  <properties/>
  <testcase name="layout_common_sizes_match_spec" classname="com.efthemiosprime.pasabayan.core.designsystem.PasabayanTokensTest" time="0.002"/>
  <testcase name="border_width_is_one_dp" classname="com.efthemiosprime.pasabayan.core.designsystem.PasabayanTokensTest" time="0.0"/>
  <testcase name="motion_durations_are_documented" classname="com.efthemiosprime.pasabayan.core.designsystem.PasabayanTokensTest" time="0.0"/>
  <testcase name="spacing_semantic_aliases_match_scale" classname="com.efthemiosprime.pasabayan.core.designsystem.PasabayanTokensTest" time="0.0"/>
  <system-out><![CDATA[]]></system-out>
  <system-err><![CDATA[]]></system-err>
</testsuite>
